<?xml version="1.0" encoding="UTF-8"?>
<robot generator="Robot 5.0.1 (Python 3.10.7 on darwin)" generated="20230515 13:33:52.796" rpa="false" schemaversion="3">
<suite id="s1" name="VsCode" source="/Users/satriowbsn/Documents/VsCode">
<suite id="s1-s1" name="Test" source="/Users/satriowbsn/Documents/VsCode/test.robot">
<test id="s1-s1-t1" name="Login BO" line="37">
<kw name="Open page">
<kw name="Open Browser" library="SeleniumLibrary">
<arg>${SiteUrl}</arg>
<arg>${browser}</arg>
<doc>Opens a new browser instance to the optional ``url``.</doc>
<msg timestamp="20230515 13:33:52.887" level="INFO">Opening browser 'Chrome' to base url 'https://stg.bo.haloretail.halosis.cloud/index.php?r=site/login'.</msg>
<status status="PASS" starttime="20230515 13:33:52.887" endtime="20230515 13:33:55.462"/>
</kw>
<kw name="Maximize Browser Window" library="SeleniumLibrary">
<doc>Maximizes current browser window.</doc>
<status status="PASS" starttime="20230515 13:33:55.463" endtime="20230515 13:33:55.911"/>
</kw>
<status status="PASS" starttime="20230515 13:33:52.886" endtime="20230515 13:33:55.911"/>
</kw>
<kw name="Login">
<kw name="Click Element" library="SeleniumLibrary">
<arg>xpath=//*[@id="email-tab"]</arg>
<doc>Click the element identified by ``locator``.</doc>
<msg timestamp="20230515 13:33:55.912" level="INFO">Clicking element 'xpath=//*[@id="email-tab"]'.</msg>
<status status="PASS" starttime="20230515 13:33:55.912" endtime="20230515 13:33:56.112"/>
</kw>
<kw name="Sleep" library="BuiltIn">
<arg>1s</arg>
<doc>Pauses the test executed for the given time.</doc>
<msg timestamp="20230515 13:33:57.115" level="INFO">Slept 1 second</msg>
<status status="PASS" starttime="20230515 13:33:56.112" endtime="20230515 13:33:57.117"/>
</kw>
<kw name="Click Element" library="SeleniumLibrary">
<arg>xpath=//*[@id="username"]</arg>
<doc>Click the element identified by ``locator``.</doc>
<msg timestamp="20230515 13:33:57.119" level="INFO">Clicking element 'xpath=//*[@id="username"]'.</msg>
<status status="PASS" starttime="20230515 13:33:57.118" endtime="20230515 13:33:57.171"/>
</kw>
<kw name="Input Text" library="SeleniumLibrary">
<arg>xpath=//*[@id="username"]</arg>
<arg>${Username}</arg>
<doc>Types the given ``text`` into the text field identified by ``locator``.</doc>
<msg timestamp="20230515 13:33:57.172" level="INFO">Typing text 'admin1@tehtarik.com' into text field 'xpath=//*[@id="username"]'.</msg>
<status status="PASS" starttime="20230515 13:33:57.172" endtime="20230515 13:33:57.286"/>
</kw>
<kw name="Sleep" library="BuiltIn">
<arg>3s</arg>
<doc>Pauses the test executed for the given time.</doc>
<msg timestamp="20230515 13:34:00.289" level="INFO">Slept 3 seconds</msg>
<status status="PASS" starttime="20230515 13:33:57.286" endtime="20230515 13:34:00.290"/>
</kw>
<kw name="Click Element" library="SeleniumLibrary">
<arg>xpath=//*[@id="password"]</arg>
<doc>Click the element identified by ``locator``.</doc>
<msg timestamp="20230515 13:34:00.292" level="INFO">Clicking element 'xpath=//*[@id="password"]'.</msg>
<status status="PASS" starttime="20230515 13:34:00.291" endtime="20230515 13:34:00.339"/>
</kw>
<kw name="Input Text" library="SeleniumLibrary">
<arg>xpath=//*[@id="password"]</arg>
<arg>${Password}</arg>
<doc>Types the given ``text`` into the text field identified by ``locator``.</doc>
<msg timestamp="20230515 13:34:00.340" level="INFO">Typing text '123456' into text field 'xpath=//*[@id="password"]'.</msg>
<status status="PASS" starttime="20230515 13:34:00.340" endtime="20230515 13:34:00.372"/>
</kw>
<kw name="Click Button" library="SeleniumLibrary">
<arg>xpath=//*[@id="login-form"]/div/div/div[2]/div/div[2]/div[2]/div[3]/input</arg>
<doc>Clicks the button identified by ``locator``.</doc>
<msg timestamp="20230515 13:34:00.373" level="INFO">Clicking button 'xpath=//*[@id="login-form"]/div/div/div[2]/div/div[2]/div[2]/div[3]/input'.</msg>
<status status="PASS" starttime="20230515 13:34:00.372" endtime="20230515 13:34:00.402"/>
</kw>
<status status="PASS" starttime="20230515 13:33:55.911" endtime="20230515 13:34:00.402"/>
</kw>
<status status="PASS" starttime="20230515 13:33:52.886" endtime="20230515 13:34:00.402"/>
</test>
<status status="PASS" starttime="20230515 13:33:52.808" endtime="20230515 13:34:00.403"/>
</suite>
<status status="PASS" starttime="20230515 13:33:52.798" endtime="20230515 13:34:00.404"/>
</suite>
<statistics>
<total>
<stat pass="1" fail="0" skip="0">All Tests</stat>
</total>
<tag>
</tag>
<suite>
<stat pass="1" fail="0" skip="0" id="s1" name="VsCode">VsCode</stat>
<stat pass="1" fail="0" skip="0" id="s1-s1" name="Test">VsCode.Test</stat>
</suite>
</statistics>
<errors>
</errors>
</robot>
